Determining if the pthread_create exist failed with the following output:
Change Dir: /home/jarvis/advancedCPP/Example/build/CMakeFiles/CMakeTmp

Run Build Command:"/usr/bin/make" "cmTC_79980/fast"
/usr/bin/make -f CMakeFiles/cmTC_79980.dir/build.make CMakeFiles/cmTC_79980.dir/build
make[1]: Entering directory '/home/jarvis/advancedCPP/Example/build/CMakeFiles/CMakeTmp'
Building C object CMakeFiles/cmTC_79980.dir/CheckSymbolExists.c.o
/usr/bin/x86_64-linux-gnu-gcc-7   -fPIE   -o CMakeFiles/cmTC_79980.dir/CheckSymbolExists.c.o   -c /home/jarvis/advancedCPP/Example/build/CMakeFiles/CMakeTmp/CheckSymbolExists.c
Linking C executable cmTC_79980
/usr/bin/cmake -E cmake_link_script CMakeFiles/cmTC_79980.dir/link.txt --verbose=1
/usr/bin/x86_64-linux-gnu-gcc-7      -rdynamic CMakeFiles/cmTC_79980.dir/CheckSymbolExists.c.o  -o cmTC_79980 
CMakeFiles/cmTC_79980.dir/CheckSymbolExists.c.o: In function `main':
CheckSymbolExists.c:(.text+0x1b): undefined reference to `pthread_create'
collect2: error: ld returned 1 exit status
CMakeFiles/cmTC_79980.dir/build.make:97: recipe for target 'cmTC_79980' failed
make[1]: *** [cmTC_79980] Error 1
make[1]: Leaving directory '/home/jarvis/advancedCPP/Example/build/CMakeFiles/CMakeTmp'
Makefile:126: recipe for target 'cmTC_79980/fast' failed
make: *** [cmTC_79980/fast] Error 2

File /home/jarvis/advancedCPP/Example/build/CMakeFiles/CMakeTmp/CheckSymbolExists.c:
/* */
#include <pthread.h>

int main(int argc, char** argv)
{
  (void)argv;
#ifndef pthread_create
  return ((int*)(&pthread_create))[argc];
#else
  (void)argc;
  return 0;
#endif
}

Determining if the function pthread_create exists in the pthreads failed with the following output:
Change Dir: /home/jarvis/advancedCPP/Example/build/CMakeFiles/CMakeTmp

Run Build Command:"/usr/bin/make" "cmTC_a048f/fast"
/usr/bin/make -f CMakeFiles/cmTC_a048f.dir/build.make CMakeFiles/cmTC_a048f.dir/build
make[1]: Entering directory '/home/jarvis/advancedCPP/Example/build/CMakeFiles/CMakeTmp'
Building C object CMakeFiles/cmTC_a048f.dir/CheckFunctionExists.c.o
/usr/bin/x86_64-linux-gnu-gcc-7   -DCHECK_FUNCTION_EXISTS=pthread_create -fPIE   -o CMakeFiles/cmTC_a048f.dir/CheckFunctionExists.c.o   -c /usr/share/cmake-3.10/Modules/CheckFunctionExists.c
Linking C executable cmTC_a048f
/usr/bin/cmake -E cmake_link_script CMakeFiles/cmTC_a048f.dir/link.txt --verbose=1
/usr/bin/x86_64-linux-gnu-gcc-7  -DCHECK_FUNCTION_EXISTS=pthread_create    -rdynamic CMakeFiles/cmTC_a048f.dir/CheckFunctionExists.c.o  -o cmTC_a048f -lpthreads 
/usr/bin/ld: cannot find -lpthreads
collect2: error: ld returned 1 exit status
CMakeFiles/cmTC_a048f.dir/build.make:97: recipe for target 'cmTC_a048f' failed
make[1]: *** [cmTC_a048f] Error 1
make[1]: Leaving directory '/home/jarvis/advancedCPP/Example/build/CMakeFiles/CMakeTmp'
Makefile:126: recipe for target 'cmTC_a048f/fast' failed
make: *** [cmTC_a048f/fast] Error 2


Determining if the pthread_create exist failed with the following output:
Change Dir: /home/jarvis/firstHomeAdvanced/build/CMakeFiles/CMakeTmp

Run Build Command:"/usr/bin/make" "cmTC_5ecc1/fast"
/usr/bin/make -f CMakeFiles/cmTC_5ecc1.dir/build.make CMakeFiles/cmTC_5ecc1.dir/build
make[1]: Entering directory '/home/jarvis/firstHomeAdvanced/build/CMakeFiles/CMakeTmp'
Building C object CMakeFiles/cmTC_5ecc1.dir/CheckSymbolExists.c.o
/usr/bin/x86_64-linux-gnu-gcc-7   -fPIE   -o CMakeFiles/cmTC_5ecc1.dir/CheckSymbolExists.c.o   -c /home/jarvis/firstHomeAdvanced/build/CMakeFiles/CMakeTmp/CheckSymbolExists.c
Linking C executable cmTC_5ecc1
/usr/bin/cmake -E cmake_link_script CMakeFiles/cmTC_5ecc1.dir/link.txt --verbose=1
/usr/bin/x86_64-linux-gnu-gcc-7      -rdynamic CMakeFiles/cmTC_5ecc1.dir/CheckSymbolExists.c.o  -o cmTC_5ecc1 
CMakeFiles/cmTC_5ecc1.dir/CheckSymbolExists.c.o: In function `main':
CheckSymbolExists.c:(.text+0x1b): undefined reference to `pthread_create'
collect2: error: ld returned 1 exit status
CMakeFiles/cmTC_5ecc1.dir/build.make:97: recipe for target 'cmTC_5ecc1' failed
make[1]: *** [cmTC_5ecc1] Error 1
make[1]: Leaving directory '/home/jarvis/firstHomeAdvanced/build/CMakeFiles/CMakeTmp'
Makefile:126: recipe for target 'cmTC_5ecc1/fast' failed
make: *** [cmTC_5ecc1/fast] Error 2

File /home/jarvis/firstHomeAdvanced/build/CMakeFiles/CMakeTmp/CheckSymbolExists.c:
/* */
#include <pthread.h>

int main(int argc, char** argv)
{
  (void)argv;
#ifndef pthread_create
  return ((int*)(&pthread_create))[argc];
#else
  (void)argc;
  return 0;
#endif
}

Determining if the function pthread_create exists in the pthreads failed with the following output:
Change Dir: /home/jarvis/firstHomeAdvanced/build/CMakeFiles/CMakeTmp

Run Build Command:"/usr/bin/make" "cmTC_16d82/fast"
/usr/bin/make -f CMakeFiles/cmTC_16d82.dir/build.make CMakeFiles/cmTC_16d82.dir/build
make[1]: Entering directory '/home/jarvis/firstHomeAdvanced/build/CMakeFiles/CMakeTmp'
Building C object CMakeFiles/cmTC_16d82.dir/CheckFunctionExists.c.o
/usr/bin/x86_64-linux-gnu-gcc-7   -DCHECK_FUNCTION_EXISTS=pthread_create -fPIE   -o CMakeFiles/cmTC_16d82.dir/CheckFunctionExists.c.o   -c /usr/share/cmake-3.10/Modules/CheckFunctionExists.c
Linking C executable cmTC_16d82
/usr/bin/cmake -E cmake_link_script CMakeFiles/cmTC_16d82.dir/link.txt --verbose=1
/usr/bin/x86_64-linux-gnu-gcc-7  -DCHECK_FUNCTION_EXISTS=pthread_create    -rdynamic CMakeFiles/cmTC_16d82.dir/CheckFunctionExists.c.o  -o cmTC_16d82 -lpthreads 
/usr/bin/ld: cannot find -lpthreads
collect2: error: ld returned 1 exit status
CMakeFiles/cmTC_16d82.dir/build.make:97: recipe for target 'cmTC_16d82' failed
make[1]: *** [cmTC_16d82] Error 1
make[1]: Leaving directory '/home/jarvis/firstHomeAdvanced/build/CMakeFiles/CMakeTmp'
Makefile:126: recipe for target 'cmTC_16d82/fast' failed
make: *** [cmTC_16d82/fast] Error 2


