Determining if the pthread_create exist failed with the following output:
Change Dir: /home/jarvis/thirdHomeAdvanced/build/CMakeFiles/CMakeTmp

Run Build Command:"/usr/bin/make" "cmTC_97a26/fast"
/usr/bin/make -f CMakeFiles/cmTC_97a26.dir/build.make CMakeFiles/cmTC_97a26.dir/build
make[1]: Entering directory '/home/jarvis/thirdHomeAdvanced/build/CMakeFiles/CMakeTmp'
Building C object CMakeFiles/cmTC_97a26.dir/CheckSymbolExists.c.o
/usr/bin/x86_64-linux-gnu-gcc-7   -fPIE   -o CMakeFiles/cmTC_97a26.dir/CheckSymbolExists.c.o   -c /home/jarvis/thirdHomeAdvanced/build/CMakeFiles/CMakeTmp/CheckSymbolExists.c
Linking C executable cmTC_97a26
/usr/bin/cmake -E cmake_link_script CMakeFiles/cmTC_97a26.dir/link.txt --verbose=1
/usr/bin/x86_64-linux-gnu-gcc-7      -rdynamic CMakeFiles/cmTC_97a26.dir/CheckSymbolExists.c.o  -o cmTC_97a26 
CMakeFiles/cmTC_97a26.dir/CheckSymbolExists.c.o: In function `main':
CheckSymbolExists.c:(.text+0x1b): undefined reference to `pthread_create'
collect2: error: ld returned 1 exit status
CMakeFiles/cmTC_97a26.dir/build.make:97: recipe for target 'cmTC_97a26' failed
make[1]: *** [cmTC_97a26] Error 1
make[1]: Leaving directory '/home/jarvis/thirdHomeAdvanced/build/CMakeFiles/CMakeTmp'
Makefile:126: recipe for target 'cmTC_97a26/fast' failed
make: *** [cmTC_97a26/fast] Error 2

File /home/jarvis/thirdHomeAdvanced/build/CMakeFiles/CMakeTmp/CheckSymbolExists.c:
/* */
#include <pthread.h>

int main(int argc, char** argv)
{
  (void)argv;
#ifndef pthread_create
  return ((int*)(&pthread_create))[argc];
#else
  (void)argc;
  return 0;
#endif
}

Determining if the function pthread_create exists in the pthreads failed with the following output:
Change Dir: /home/jarvis/thirdHomeAdvanced/build/CMakeFiles/CMakeTmp

Run Build Command:"/usr/bin/make" "cmTC_b8c72/fast"
/usr/bin/make -f CMakeFiles/cmTC_b8c72.dir/build.make CMakeFiles/cmTC_b8c72.dir/build
make[1]: Entering directory '/home/jarvis/thirdHomeAdvanced/build/CMakeFiles/CMakeTmp'
Building C object CMakeFiles/cmTC_b8c72.dir/CheckFunctionExists.c.o
/usr/bin/x86_64-linux-gnu-gcc-7   -DCHECK_FUNCTION_EXISTS=pthread_create -fPIE   -o CMakeFiles/cmTC_b8c72.dir/CheckFunctionExists.c.o   -c /usr/share/cmake-3.10/Modules/CheckFunctionExists.c
Linking C executable cmTC_b8c72
/usr/bin/cmake -E cmake_link_script CMakeFiles/cmTC_b8c72.dir/link.txt --verbose=1
/usr/bin/x86_64-linux-gnu-gcc-7  -DCHECK_FUNCTION_EXISTS=pthread_create    -rdynamic CMakeFiles/cmTC_b8c72.dir/CheckFunctionExists.c.o  -o cmTC_b8c72 -lpthreads 
/usr/bin/ld: cannot find -lpthreads
collect2: error: ld returned 1 exit status
CMakeFiles/cmTC_b8c72.dir/build.make:97: recipe for target 'cmTC_b8c72' failed
make[1]: *** [cmTC_b8c72] Error 1
make[1]: Leaving directory '/home/jarvis/thirdHomeAdvanced/build/CMakeFiles/CMakeTmp'
Makefile:126: recipe for target 'cmTC_b8c72/fast' failed
make: *** [cmTC_b8c72/fast] Error 2


