Determining if the pthread_create exist failed with the following output:
Change Dir: /home/anyo/Projects/GoogleTests/CMakeFiles/CMakeTmp

Run Build Command:"/usr/bin/make" "cmTC_901ab/fast"
/usr/bin/make -f CMakeFiles/cmTC_901ab.dir/build.make CMakeFiles/cmTC_901ab.dir/build
make[1]: Entering directory '/home/anyo/Projects/GoogleTests/CMakeFiles/CMakeTmp'
Building C object CMakeFiles/cmTC_901ab.dir/CheckSymbolExists.c.o
/usr/bin/cc    -o CMakeFiles/cmTC_901ab.dir/CheckSymbolExists.c.o   -c /home/anyo/Projects/GoogleTests/CMakeFiles/CMakeTmp/CheckSymbolExists.c
Linking C executable cmTC_901ab
/usr/bin/cmake -E cmake_link_script CMakeFiles/cmTC_901ab.dir/link.txt --verbose=1
/usr/bin/cc      -rdynamic CMakeFiles/cmTC_901ab.dir/CheckSymbolExists.c.o  -o cmTC_901ab 
CMakeFiles/cmTC_901ab.dir/CheckSymbolExists.c.o: In function `main':
CheckSymbolExists.c:(.text+0x1b): undefined reference to `pthread_create'
collect2: error: ld returned 1 exit status
CMakeFiles/cmTC_901ab.dir/build.make:97: recipe for target 'cmTC_901ab' failed
make[1]: *** [cmTC_901ab] Error 1
make[1]: Leaving directory '/home/anyo/Projects/GoogleTests/CMakeFiles/CMakeTmp'
Makefile:126: recipe for target 'cmTC_901ab/fast' failed
make: *** [cmTC_901ab/fast] Error 2

File /home/anyo/Projects/GoogleTests/CMakeFiles/CMakeTmp/CheckSymbolExists.c:
/* */
#include <pthread.h>

int main(int argc, char** argv)
{
  (void)argv;
#ifndef pthread_create
  return ((int*)(&pthread_create))[argc];
#else
  (void)argc;
  return 0;
#endif
}

Determining if the function pthread_create exists in the pthreads failed with the following output:
Change Dir: /home/anyo/Projects/GoogleTests/CMakeFiles/CMakeTmp

Run Build Command:"/usr/bin/make" "cmTC_1c496/fast"
/usr/bin/make -f CMakeFiles/cmTC_1c496.dir/build.make CMakeFiles/cmTC_1c496.dir/build
make[1]: Entering directory '/home/anyo/Projects/GoogleTests/CMakeFiles/CMakeTmp'
Building C object CMakeFiles/cmTC_1c496.dir/CheckFunctionExists.c.o
/usr/bin/cc   -DCHECK_FUNCTION_EXISTS=pthread_create   -o CMakeFiles/cmTC_1c496.dir/CheckFunctionExists.c.o   -c /usr/share/cmake-3.10/Modules/CheckFunctionExists.c
Linking C executable cmTC_1c496
/usr/bin/cmake -E cmake_link_script CMakeFiles/cmTC_1c496.dir/link.txt --verbose=1
/usr/bin/cc  -DCHECK_FUNCTION_EXISTS=pthread_create    -rdynamic CMakeFiles/cmTC_1c496.dir/CheckFunctionExists.c.o  -o cmTC_1c496 -lpthreads 
/usr/bin/ld: cannot find -lpthreads
collect2: error: ld returned 1 exit status
CMakeFiles/cmTC_1c496.dir/build.make:97: recipe for target 'cmTC_1c496' failed
make[1]: *** [cmTC_1c496] Error 1
make[1]: Leaving directory '/home/anyo/Projects/GoogleTests/CMakeFiles/CMakeTmp'
Makefile:126: recipe for target 'cmTC_1c496/fast' failed
make: *** [cmTC_1c496/fast] Error 2


